
Packet number: 1  Packet Len: 101

	Ethernet Header
		Dest MAC: f8:4d:89:7c:ae:38
		Source MAC: 2e:67:be:02:90:ff
		Type: 0x86dd


Packet number: 2  Packet Len: 214

	Ethernet Header
		Dest MAC: ff:ff:ff:ff:ff:ff
		Source MAC: d8:1f:12:b9:2c:1d
		Type: IP

	IP Header
		IP PDU Len: 200
		Header Len (bytes): 20
		TTL: 255
		Protocol: UDP
		Checksum: Correct (0xf31c)
		Sender IP: 192.168.1.8
		Dest IP: 255.255.255.255

	UDP Header
		Source Port: 59727
		Dest Port: 6667

Packet number: 3  Packet Len: 91

	Ethernet Header
		Dest MAC: 2e:67:be:02:90:ff
		Source MAC: f8:4d:89:7c:ae:38
		Type: 0x86dd


Packet number: 4  Packet Len: 87

	Ethernet Header
		Dest MAC: f8:4d:89:7c:ae:38
		Source MAC: 2e:67:be:02:90:ff
		Type: 0x86dd


Packet number: 5  Packet Len: 214

	Ethernet Header
		Dest MAC: ff:ff:ff:ff:ff:ff
		Source MAC: d8:1f:12:b9:2c:1d
		Type: IP

	IP Header
		IP PDU Len: 200
		Header Len (bytes): 20
		TTL: 255
		Protocol: UDP
		Checksum: Correct (0xf31b)
		Sender IP: 192.168.1.8
		Dest IP: 255.255.255.255

	UDP Header
		Source Port: 59727
		Dest Port: 6667

Packet number: 6  Packet Len: 142

	Ethernet Header
		Dest MAC: f8:4d:89:7c:ae:38
		Source MAC: 2e:67:be:02:90:ff
		Type: 0x86dd


Packet number: 7  Packet Len: 142

	Ethernet Header
		Dest MAC: f8:4d:89:7c:ae:38
		Source MAC: 2e:67:be:02:90:ff
		Type: 0x86dd


Packet number: 8  Packet Len: 96

	Ethernet Header
		Dest MAC: 2e:67:be:02:90:ff
		Source MAC: f8:4d:89:7c:ae:38
		Type: 0x86dd


Packet number: 9  Packet Len: 91

	Ethernet Header
		Dest MAC: 2e:67:be:02:90:ff
		Source MAC: f8:4d:89:7c:ae:38
		Type: 0x86dd


Packet number: 10  Packet Len: 87

	Ethernet Header
		Dest MAC: f8:4d:89:7c:ae:38
		Source MAC: 2e:67:be:02:90:ff
		Type: 0x86dd


Packet number: 11  Packet Len: 91

	Ethernet Header
		Dest MAC: 2e:67:be:02:90:ff
		Source MAC: f8:4d:89:7c:ae:38
		Type: 0x86dd


Packet number: 12  Packet Len: 87

	Ethernet Header
		Dest MAC: f8:4d:89:7c:ae:38
		Source MAC: 2e:67:be:02:90:ff
		Type: 0x86dd


Packet number: 13  Packet Len: 91

	Ethernet Header
		Dest MAC: 2e:67:be:02:90:ff
		Source MAC: f8:4d:89:7c:ae:38
		Type: 0x86dd


Packet number: 14  Packet Len: 87

	Ethernet Header
		Dest MAC: f8:4d:89:7c:ae:38
		Source MAC: 2e:67:be:02:90:ff
		Type: 0x86dd


Packet number: 15  Packet Len: 91

	Ethernet Header
		Dest MAC: 2e:67:be:02:90:ff
		Source MAC: f8:4d:89:7c:ae:38
		Type: 0x86dd


Packet number: 16  Packet Len: 87

	Ethernet Header
		Dest MAC: f8:4d:89:7c:ae:38
		Source MAC: 2e:67:be:02:90:ff
		Type: 0x86dd


Packet number: 17  Packet Len: 91

	Ethernet Header
		Dest MAC: 2e:67:be:02:90:ff
		Source MAC: f8:4d:89:7c:ae:38
		Type: 0x86dd


Packet number: 18  Packet Len: 87

	Ethernet Header
		Dest MAC: f8:4d:89:7c:ae:38
		Source MAC: 2e:67:be:02:90:ff
		Type: 0x86dd


Packet number: 19  Packet Len: 91

	Ethernet Header
		Dest MAC: 2e:67:be:02:90:ff
		Source MAC: f8:4d:89:7c:ae:38
		Type: 0x86dd


Packet number: 20  Packet Len: 87

	Ethernet Header
		Dest MAC: f8:4d:89:7c:ae:38
		Source MAC: 2e:67:be:02:90:ff
		Type: 0x86dd


Packet number: 21  Packet Len: 403

	Ethernet Header
		Dest MAC: 2e:67:be:02:90:ff
		Source MAC: f8:4d:89:7c:ae:38
		Type: 0x86dd


Packet number: 22  Packet Len: 99

	Ethernet Header
		Dest MAC: f8:4d:89:7c:ae:38
		Source MAC: 2e:67:be:02:90:ff
		Type: 0x86dd


Packet number: 23  Packet Len: 1412

	Ethernet Header
		Dest MAC: f8:4d:89:7c:ae:38
		Source MAC: 2e:67:be:02:90:ff
		Type: 0x86dd


Packet number: 24  Packet Len: 1412

	Ethernet Header
		Dest MAC: f8:4d:89:7c:ae:38
		Source MAC: 2e:67:be:02:90:ff
		Type: 0x86dd


Packet number: 25  Packet Len: 1412

	Ethernet Header
		Dest MAC: f8:4d:89:7c:ae:38
		Source MAC: 2e:67:be:02:90:ff
		Type: 0x86dd


Packet number: 26  Packet Len: 1412

	Ethernet Header
		Dest MAC: f8:4d:89:7c:ae:38
		Source MAC: 2e:67:be:02:90:ff
		Type: 0x86dd


Packet number: 27  Packet Len: 1412

	Ethernet Header
		Dest MAC: f8:4d:89:7c:ae:38
		Source MAC: 2e:67:be:02:90:ff
		Type: 0x86dd


Packet number: 28  Packet Len: 1412

	Ethernet Header
		Dest MAC: f8:4d:89:7c:ae:38
		Source MAC: 2e:67:be:02:90:ff
		Type: 0x86dd


Packet number: 29  Packet Len: 1412

	Ethernet Header
		Dest MAC: f8:4d:89:7c:ae:38
		Source MAC: 2e:67:be:02:90:ff
		Type: 0x86dd


Packet number: 30  Packet Len: 123

	Ethernet Header
		Dest MAC: 2e:67:be:02:90:ff
		Source MAC: f8:4d:89:7c:ae:38
		Type: 0x86dd


Packet number: 31  Packet Len: 1412

	Ethernet Header
		Dest MAC: f8:4d:89:7c:ae:38
		Source MAC: 2e:67:be:02:90:ff
		Type: 0x86dd


Packet number: 32  Packet Len: 1412

	Ethernet Header
		Dest MAC: f8:4d:89:7c:ae:38
		Source MAC: 2e:67:be:02:90:ff
		Type: 0x86dd


Packet number: 33  Packet Len: 1412

	Ethernet Header
		Dest MAC: f8:4d:89:7c:ae:38
		Source MAC: 2e:67:be:02:90:ff
		Type: 0x86dd


Packet number: 34  Packet Len: 1412

	Ethernet Header
		Dest MAC: f8:4d:89:7c:ae:38
		Source MAC: 2e:67:be:02:90:ff
		Type: 0x86dd


Packet number: 35  Packet Len: 1412

	Ethernet Header
		Dest MAC: f8:4d:89:7c:ae:38
		Source MAC: 2e:67:be:02:90:ff
		Type: 0x86dd


Packet number: 36  Packet Len: 1412

	Ethernet Header
		Dest MAC: f8:4d:89:7c:ae:38
		Source MAC: 2e:67:be:02:90:ff
		Type: 0x86dd


Packet number: 37  Packet Len: 1412

	Ethernet Header
		Dest MAC: f8:4d:89:7c:ae:38
		Source MAC: 2e:67:be:02:90:ff
		Type: 0x86dd


Packet number: 38  Packet Len: 1412

	Ethernet Header
		Dest MAC: f8:4d:89:7c:ae:38
		Source MAC: 2e:67:be:02:90:ff
		Type: 0x86dd


Packet number: 39  Packet Len: 1412

	Ethernet Header
		Dest MAC: f8:4d:89:7c:ae:38
		Source MAC: 2e:67:be:02:90:ff
		Type: 0x86dd


Packet number: 40  Packet Len: 1412

	Ethernet Header
		Dest MAC: f8:4d:89:7c:ae:38
		Source MAC: 2e:67:be:02:90:ff
		Type: 0x86dd


Packet number: 41  Packet Len: 1412

	Ethernet Header
		Dest MAC: f8:4d:89:7c:ae:38
		Source MAC: 2e:67:be:02:90:ff
		Type: 0x86dd


Packet number: 42  Packet Len: 538

	Ethernet Header
		Dest MAC: f8:4d:89:7c:ae:38
		Source MAC: 2e:67:be:02:90:ff
		Type: 0x86dd


Packet number: 43  Packet Len: 123

	Ethernet Header
		Dest MAC: 2e:67:be:02:90:ff
		Source MAC: f8:4d:89:7c:ae:38
		Type: 0x86dd


Packet number: 44  Packet Len: 91

	Ethernet Header
		Dest MAC: 2e:67:be:02:90:ff
		Source MAC: f8:4d:89:7c:ae:38
		Type: 0x86dd


Packet number: 45  Packet Len: 87

	Ethernet Header
		Dest MAC: f8:4d:89:7c:ae:38
		Source MAC: 2e:67:be:02:90:ff
		Type: 0x86dd


Packet number: 46  Packet Len: 101

	Ethernet Header
		Dest MAC: f8:4d:89:7c:ae:38
		Source MAC: 2e:67:be:02:90:ff
		Type: 0x86dd


Packet number: 47  Packet Len: 91

	Ethernet Header
		Dest MAC: 2e:67:be:02:90:ff
		Source MAC: f8:4d:89:7c:ae:38
		Type: 0x86dd


Packet number: 48  Packet Len: 87

	Ethernet Header
		Dest MAC: f8:4d:89:7c:ae:38
		Source MAC: 2e:67:be:02:90:ff
		Type: 0x86dd


Packet number: 49  Packet Len: 214

	Ethernet Header
		Dest MAC: ff:ff:ff:ff:ff:ff
		Source MAC: d8:1f:12:b9:2c:1d
		Type: IP

	IP Header
		IP PDU Len: 200
		Header Len (bytes): 20
		TTL: 255
		Protocol: UDP
		Checksum: Correct (0xf31a)
		Sender IP: 192.168.1.8
		Dest IP: 255.255.255.255

	UDP Header
		Source Port: 59727
		Dest Port: 6667

Packet number: 50  Packet Len: 91

	Ethernet Header
		Dest MAC: 2e:67:be:02:90:ff
		Source MAC: f8:4d:89:7c:ae:38
		Type: 0x86dd


Packet number: 51  Packet Len: 87

	Ethernet Header
		Dest MAC: f8:4d:89:7c:ae:38
		Source MAC: 2e:67:be:02:90:ff
		Type: 0x86dd


Packet number: 52  Packet Len: 168

	Ethernet Header
		Dest MAC: 2e:67:be:02:90:ff
		Source MAC: f8:4d:89:7c:ae:38
		Type: 0x86dd


Packet number: 53  Packet Len: 89

	Ethernet Header
		Dest MAC: f8:4d:89:7c:ae:38
		Source MAC: 2e:67:be:02:90:ff
		Type: 0x86dd


Packet number: 54  Packet Len: 177

	Ethernet Header
		Dest MAC: f8:4d:89:7c:ae:38
		Source MAC: 2e:67:be:02:90:ff
		Type: 0x86dd


Packet number: 55  Packet Len: 97

	Ethernet Header
		Dest MAC: 2e:67:be:02:90:ff
		Source MAC: f8:4d:89:7c:ae:38
		Type: 0x86dd


Packet number: 56  Packet Len: 86

	Ethernet Header
		Dest MAC: f8:4d:89:7c:ae:38
		Source MAC: 2e:67:be:02:90:ff
		Type: 0x86dd


Packet number: 57  Packet Len: 91

	Ethernet Header
		Dest MAC: 2e:67:be:02:90:ff
		Source MAC: f8:4d:89:7c:ae:38
		Type: 0x86dd


Packet number: 58  Packet Len: 87

	Ethernet Header
		Dest MAC: f8:4d:89:7c:ae:38
		Source MAC: 2e:67:be:02:90:ff
		Type: 0x86dd


Packet number: 59  Packet Len: 214

	Ethernet Header
		Dest MAC: ff:ff:ff:ff:ff:ff
		Source MAC: d8:1f:12:b9:2c:1d
		Type: IP

	IP Header
		IP PDU Len: 200
		Header Len (bytes): 20
		TTL: 255
		Protocol: UDP
		Checksum: Correct (0xf319)
		Sender IP: 192.168.1.8
		Dest IP: 255.255.255.255

	UDP Header
		Source Port: 59727
		Dest Port: 6667

